c:\users\alex\documents\visual studio 2013\projects\musicimprove\musicimprove\debug\vc120.pdb
c:\users\alex\documents\visual studio 2013\projects\musicimprove\musicimprove\debug\.netframework,version=v4.5.assemblyattributes.obj
c:\users\alex\documents\visual studio 2013\projects\musicimprove\musicimprove\debug\main.obj
c:\users\alex\documents\visual studio 2013\projects\musicimprove\musicimprove\debug\home.obj
c:\users\alex\documents\visual studio 2013\projects\musicimprove\musicimprove\debug\registro.obj
c:\users\alex\documents\visual studio 2013\projects\musicimprove\musicimprove\debug\login.obj
c:\users\alex\documents\visual studio 2013\projects\musicimprove\musicimprove\debug\guitarras.obj
c:\users\alex\documents\visual studio 2013\projects\musicimprove\musicimprove\debug\guitarras2.obj
c:\users\alex\documents\visual studio 2013\projects\musicimprove\debug\musicimprove.exe
c:\users\alex\documents\visual studio 2013\projects\musicimprove\debug\musicimprove.pdb
c:\users\alex\documents\visual studio 2013\projects\musicimprove\musicimprove\debug\musicimprove.tlog\metagen.write.1.tlog
c:\users\alex\documents\visual studio 2013\projects\musicimprove\musicimprove\debug\musicimprove.guitarras.resources
c:\users\alex\documents\visual studio 2013\projects\musicimprove\musicimprove\debug\musicimprove.home.resources
c:\users\alex\documents\visual studio 2013\projects\musicimprove\musicimprove\debug\musicimprove.login.resources
c:\users\alex\documents\visual studio 2013\projects\musicimprove\musicimprove\debug\musicimprove.registro.resources
c:\users\alex\documents\visual studio 2013\projects\musicimprove\musicimprove\debug\musicimprove.guitarras2.resources
c:\users\alex\documents\visual studio 2013\projects\musicimprove\musicimprove\debug\musicimprove.vcxproj.generateresource.cache
c:\users\alex\documents\visual studio 2013\projects\musicimprove\musicimprove\debug\musicimprove.vcxprojresolveassemblyreference.cache
c:\users\alex\documents\visual studio 2013\projects\musicimprove\musicimprove\debug\musicimprove.tlog\cl.command.1.tlog
c:\users\alex\documents\visual studio 2013\projects\musicimprove\musicimprove\debug\musicimprove.tlog\cl.read.1.tlog
c:\users\alex\documents\visual studio 2013\projects\musicimprove\musicimprove\debug\musicimprove.tlog\cl.write.1.tlog
c:\users\alex\documents\visual studio 2013\projects\musicimprove\musicimprove\debug\musicimprove.tlog\link.command.1.tlog
c:\users\alex\documents\visual studio 2013\projects\musicimprove\musicimprove\debug\musicimprove.tlog\link.read.1.tlog
c:\users\alex\documents\visual studio 2013\projects\musicimprove\musicimprove\debug\musicimprove.tlog\link.write.1.tlog
c:\users\alex\documents\visual studio 2013\projects\musicimprove\musicimprove\debug\musicimprove.tlog\metagen.read.1.tlog
c:\users\alex\documents\visual studio 2013\projects\musicimprove\musicimprove\debug\musicimprove.tlog\musicimprove.write.1u.tlog
c:\users\alex\documents\visual studio 2013\projects\musicimprove\musicimprove\debug\musicimprove.tlog\mysql.data.dll.metagen
c:\users\alex\documents\visual studio 2013\projects\musicimprove\musicimprove\debug\musicimprove.tlog\tzres.dll.bi
